<?xml version="1.0" encoding="UTF-8"?>
<testng-results skipped="0" failed="1" ignored="0" total="2" passed="1">
  <reporter-output>
  </reporter-output>
  <suite name="Default suite" duration-ms="75828" started-at="2018-05-09T18:10:47Z" finished-at="2018-05-09T18:12:03Z">
    <groups>
    </groups>
    <test name="Default test" duration-ms="75828" started-at="2018-05-09T18:10:47Z" finished-at="2018-05-09T18:12:03Z">
      <class name="loggingReport.Log4jTutorial">
        <test-method status="PASS" signature="setup()[pri:0, instance:loggingReport.Log4jTutorial@548a9f61]" name="setup" is-config="true" duration-ms="51834" started-at="2018-05-09T23:40:48Z" finished-at="2018-05-09T23:41:39Z">
          <reporter-output>
          </reporter-output>
        </test-method> <!-- setup -->
        <test-method status="FAIL" signature="freeCRMTitleTest()[pri:1, instance:loggingReport.Log4jTutorial@548a9f61]" name="freeCRMTitleTest" duration-ms="72" started-at="2018-05-09T23:41:39Z" finished-at="2018-05-09T23:41:39Z">
          <exception class="java.lang.AssertionError">
            <message>
              <![CDATA[expected [#1 Free CRM for Any Business: Online Customer Relationship Software] but found [Free CRM software in the cloud powers sales and customer service]]]>
            </message>
            <full-stacktrace>
              <![CDATA[java.lang.AssertionError: expected [#1 Free CRM for Any Business: Online Customer Relationship Software] but found [Free CRM software in the cloud powers sales and customer service]
	at org.testng.Assert.fail(Assert.java:93)
	at org.testng.Assert.failNotEquals(Assert.java:512)
	at org.testng.Assert.assertEqualsImpl(Assert.java:134)
	at org.testng.Assert.assertEquals(Assert.java:115)
	at org.testng.Assert.assertEquals(Assert.java:189)
	at org.testng.Assert.assertEquals(Assert.java:199)
	at loggingReport.Log4jTutorial.freeCRMTitleTest(Log4jTutorial.java:43)
	at sun.reflect.NativeMethodAccessorImpl.invoke0(Native Method)
	at sun.reflect.NativeMethodAccessorImpl.invoke(NativeMethodAccessorImpl.java:62)
	at sun.reflect.DelegatingMethodAccessorImpl.invoke(DelegatingMethodAccessorImpl.java:43)
	at java.lang.reflect.Method.invoke(Method.java:498)
	at org.testng.internal.MethodInvocationHelper.invokeMethod(MethodInvocationHelper.java:108)
	at org.testng.internal.Invoker.invokeMethod(Invoker.java:661)
	at org.testng.internal.Invoker.invokeTestMethod(Invoker.java:869)
	at org.testng.internal.Invoker.invokeTestMethods(Invoker.java:1193)
	at org.testng.internal.TestMethodWorker.invokeTestMethods(TestMethodWorker.java:126)
	at org.testng.internal.TestMethodWorker.run(TestMethodWorker.java:109)
	at org.testng.TestRunner.privateRun(TestRunner.java:744)
	at org.testng.TestRunner.run(TestRunner.java:602)
	at org.testng.SuiteRunner.runTest(SuiteRunner.java:380)
	at org.testng.SuiteRunner.runSequentially(SuiteRunner.java:375)
	at org.testng.SuiteRunner.privateRun(SuiteRunner.java:340)
	at org.testng.SuiteRunner.run(SuiteRunner.java:289)
	at org.testng.SuiteRunnerWorker.runSuite(SuiteRunnerWorker.java:52)
	at org.testng.SuiteRunnerWorker.run(SuiteRunnerWorker.java:86)
	at org.testng.TestNG.runSuitesSequentially(TestNG.java:1301)
	at org.testng.TestNG.runSuitesLocally(TestNG.java:1226)
	at org.testng.TestNG.runSuites(TestNG.java:1144)
	at org.testng.TestNG.run(TestNG.java:1115)
	at org.testng.remote.AbstractRemoteTestNG.run(AbstractRemoteTestNG.java:132)
	at org.testng.remote.RemoteTestNG.initAndRun(RemoteTestNG.java:230)
	at org.testng.remote.RemoteTestNG.main(RemoteTestNG.java:76)
]]>
            </full-stacktrace>
          </exception> <!-- java.lang.AssertionError -->
          <reporter-output>
          </reporter-output>
        </test-method> <!-- freeCRMTitleTest -->
        <test-method status="PASS" signature="tearDown()[pri:0, instance:loggingReport.Log4jTutorial@548a9f61]" name="tearDown" is-config="true" duration-ms="904" started-at="2018-05-09T23:41:39Z" finished-at="2018-05-09T23:41:40Z">
          <reporter-output>
          </reporter-output>
        </test-method> <!-- tearDown -->
        <test-method status="PASS" signature="setup()[pri:0, instance:loggingReport.Log4jTutorial@548a9f61]" name="setup" is-config="true" duration-ms="21851" started-at="2018-05-09T23:41:40Z" finished-at="2018-05-09T23:42:02Z">
          <reporter-output>
          </reporter-output>
        </test-method> <!-- setup -->
        <test-method status="PASS" signature="freeCRMLogoTest()[pri:2, instance:loggingReport.Log4jTutorial@548a9f61]" name="freeCRMLogoTest" duration-ms="338" started-at="2018-05-09T23:42:02Z" finished-at="2018-05-09T23:42:03Z">
          <reporter-output>
          </reporter-output>
        </test-method> <!-- freeCRMLogoTest -->
        <test-method status="PASS" signature="tearDown()[pri:0, instance:loggingReport.Log4jTutorial@548a9f61]" name="tearDown" is-config="true" duration-ms="686" started-at="2018-05-09T23:42:03Z" finished-at="2018-05-09T23:42:03Z">
          <reporter-output>
          </reporter-output>
        </test-method> <!-- tearDown -->
      </class> <!-- loggingReport.Log4jTutorial -->
    </test> <!-- Default test -->
  </suite> <!-- Default suite -->
</testng-results>
